<?xml version="1.0" encoding="UTF-8"?>
<coverage generated="1725451547227" clover="3.2.0">
  <project timestamp="1725451547227" name="All files">
    <metrics statements="24" coveredstatements="24" conditionals="7" coveredconditionals="7" methods="4" coveredmethods="4" elements="35" coveredelements="35" complexity="0" loc="24" ncloc="24" packages="1" files="3" classes="3"/>
    <file name="count-occurrences-of-word.ts" path="C:\Users\Gabriel\Desktop\js2\tg-challange\src\functions\count-occurrences-of-word.ts">
      <metrics statements="8" coveredstatements="8" conditionals="2" coveredconditionals="2" methods="1" coveredmethods="1"/>
      <line num="1" count="1" type="stmt"/>
      <line num="2" count="1" type="stmt"/>
      <line num="3" count="1" type="stmt"/>
      <line num="4" count="1" type="cond" truecount="1" falsecount="0"/>
      <line num="5" count="2" type="stmt"/>
      <line num="6" count="2" type="cond" truecount="1" falsecount="0"/>
      <line num="7" count="2" type="stmt"/>
      <line num="8" count="2" type="stmt"/>
    </file>
    <file name="fibonacci-sequence.ts" path="C:\Users\Gabriel\Desktop\js2\tg-challange\src\functions\fibonacci-sequence.ts">
      <metrics statements="11" coveredstatements="11" conditionals="4" coveredconditionals="4" methods="2" coveredmethods="2"/>
      <line num="1" count="1" type="stmt"/>
      <line num="2" count="1" type="stmt"/>
      <line num="3" count="1" type="stmt"/>
      <line num="4" count="1" type="cond" truecount="1" falsecount="0"/>
      <line num="5" count="4" type="cond" truecount="1" falsecount="0"/>
      <line num="6" count="13" type="cond" truecount="1" falsecount="0"/>
      <line num="7" count="9" type="cond" truecount="1" falsecount="0"/>
      <line num="8" count="9" type="stmt"/>
      <line num="9" count="9" type="stmt"/>
      <line num="10" count="4" type="stmt"/>
      <line num="11" count="4" type="stmt"/>
    </file>
    <file name="sum.ts" path="C:\Users\Gabriel\Desktop\js2\tg-challange\src\functions\sum.ts">
      <metrics statements="5" coveredstatements="5" conditionals="1" coveredconditionals="1" methods="1" coveredmethods="1"/>
      <line num="1" count="1" type="stmt"/>
      <line num="2" count="1" type="stmt"/>
      <line num="3" count="1" type="cond" truecount="1" falsecount="0"/>
      <line num="4" count="1" type="stmt"/>
      <line num="5" count="1" type="stmt"/>
    </file>
  </project>
</coverage>
