{"C:\\Users\\Gabriel\\Desktop\\js2\\tg-challange\\src\\functions\\count-occurrences-of-word.ts": {"path":"C:\\Users\\Gabriel\\Desktop\\js2\\tg-challange\\src\\functions\\count-occurrences-of-word.ts","all":false,"statementMap":{"0":{"start":{"line":1,"column":0},"end":{"line":1,"column":0}},"1":{"start":{"line":2,"column":0},"end":{"line":2,"column":168}},"2":{"start":{"line":3,"column":0},"end":{"line":3,"column":0}},"3":{"start":{"line":4,"column":0},"end":{"line":4,"column":50}},"4":{"start":{"line":5,"column":0},"end":{"line":5,"column":25}},"5":{"start":{"line":6,"column":0},"end":{"line":6,"column":93}},"6":{"start":{"line":7,"column":0},"end":{"line":7,"column":16}},"7":{"start":{"line":8,"column":0},"end":{"line":8,"column":2}}},"s":{"0":1,"1":1,"2":1,"3":1,"4":2,"5":2,"6":2,"7":2},"branchMap":{"0":{"type":"branch","line":4,"loc":{"start":{"line":4,"column":15},"end":{"line":8,"column":2}},"locations":[{"start":{"line":4,"column":15},"end":{"line":8,"column":2}}]},"1":{"type":"branch","line":6,"loc":{"start":{"line":6,"column":16},"end":{"line":6,"column":92}},"locations":[{"start":{"line":6,"column":16},"end":{"line":6,"column":92}}]}},"b":{"0":[2],"1":[35]},"fnMap":{"0":{"name":"Object.<anonymous>.exports.default","decl":{"start":{"line":4,"column":15},"end":{"line":8,"column":2}},"loc":{"start":{"line":4,"column":15},"end":{"line":8,"column":2}},"line":4}},"f":{"0":2}}
,"C:\\Users\\Gabriel\\Desktop\\js2\\tg-challange\\src\\functions\\fibonacci-sequence.ts": {"path":"C:\\Users\\Gabriel\\Desktop\\js2\\tg-challange\\src\\functions\\fibonacci-sequence.ts","all":false,"statementMap":{"0":{"start":{"line":1,"column":0},"end":{"line":1,"column":3}},"1":{"start":{"line":2,"column":0},"end":{"line":2,"column":362}},"2":{"start":{"line":3,"column":0},"end":{"line":3,"column":3}},"3":{"start":{"line":4,"column":0},"end":{"line":4,"column":33}},"4":{"start":{"line":5,"column":0},"end":{"line":5,"column":56}},"5":{"start":{"line":6,"column":0},"end":{"line":6,"column":45}},"6":{"start":{"line":7,"column":0},"end":{"line":7,"column":63}},"7":{"start":{"line":8,"column":0},"end":{"line":8,"column":92}},"8":{"start":{"line":9,"column":0},"end":{"line":9,"column":5}},"9":{"start":{"line":10,"column":0},"end":{"line":10,"column":40}},"10":{"start":{"line":11,"column":0},"end":{"line":11,"column":1}}},"s":{"0":1,"1":1,"2":1,"3":1,"4":4,"5":13,"6":9,"7":9,"8":9,"9":4,"10":4},"branchMap":{"0":{"type":"branch","line":4,"loc":{"start":{"line":4,"column":15},"end":{"line":11,"column":1}},"locations":[{"start":{"line":4,"column":15},"end":{"line":11,"column":1}}]},"1":{"type":"branch","line":5,"loc":{"start":{"line":5,"column":4},"end":{"line":9,"column":5}},"locations":[{"start":{"line":5,"column":4},"end":{"line":9,"column":5}}]},"2":{"type":"branch","line":6,"loc":{"start":{"line":6,"column":31},"end":{"line":6,"column":45}},"locations":[{"start":{"line":6,"column":31},"end":{"line":6,"column":45}}]},"3":{"type":"branch","line":7,"loc":{"start":{"line":7,"column":-2},"end":{"line":9,"column":5}},"locations":[{"start":{"line":7,"column":-2},"end":{"line":9,"column":5}}]}},"b":{"0":[4],"1":[13],"2":[4],"3":[9]},"fnMap":{"0":{"name":"Object.<anonymous>.exports.default","decl":{"start":{"line":4,"column":15},"end":{"line":11,"column":1}},"loc":{"start":{"line":4,"column":15},"end":{"line":11,"column":1}},"line":4},"1":{"name":"fibonnaci","decl":{"start":{"line":5,"column":4},"end":{"line":9,"column":5}},"loc":{"start":{"line":5,"column":4},"end":{"line":9,"column":5}},"line":5}},"f":{"0":4,"1":13}}
,"C:\\Users\\Gabriel\\Desktop\\js2\\tg-challange\\src\\functions\\sum.ts": {"path":"C:\\Users\\Gabriel\\Desktop\\js2\\tg-challange\\src\\functions\\sum.ts","all":false,"statementMap":{"0":{"start":{"line":1,"column":0},"end":{"line":1,"column":0}},"1":{"start":{"line":2,"column":0},"end":{"line":2,"column":146}},"2":{"start":{"line":3,"column":0},"end":{"line":3,"column":51}},"3":{"start":{"line":4,"column":0},"end":{"line":4,"column":35}},"4":{"start":{"line":5,"column":0},"end":{"line":5,"column":1}}},"s":{"0":1,"1":1,"2":1,"3":1,"4":1},"branchMap":{"0":{"type":"branch","line":3,"loc":{"start":{"line":3,"column":0},"end":{"line":5,"column":1}},"locations":[{"start":{"line":3,"column":0},"end":{"line":5,"column":1}}]}},"b":{"0":[1]},"fnMap":{"0":{"name":"sum","decl":{"start":{"line":3,"column":0},"end":{"line":5,"column":1}},"loc":{"start":{"line":3,"column":0},"end":{"line":5,"column":1}},"line":3}},"f":{"0":1}}
}
