TN:
SF:functions\count-occurrences-of-word.ts
FN:4,Object.<anonymous>.exports.default
FNF:1
FNH:1
FNDA:2,Object.<anonymous>.exports.default
DA:1,1
DA:2,1
DA:3,1
DA:4,1
DA:5,2
DA:6,2
DA:7,2
DA:8,2
LF:8
LH:8
BRDA:4,0,0,2
BRDA:6,1,0,35
BRF:2
BRH:2
end_of_record
TN:
SF:functions\fibonacci-sequence.ts
FN:4,Object.<anonymous>.exports.default
FN:5,fibonnaci
FNF:2
FNH:2
FNDA:4,Object.<anonymous>.exports.default
FNDA:13,fibonnaci
DA:1,1
DA:2,1
DA:3,1
DA:4,1
DA:5,4
DA:6,13
DA:7,9
DA:8,9
DA:9,9
DA:10,4
DA:11,4
LF:11
LH:11
BRDA:4,0,0,4
BRDA:5,1,0,13
BRDA:6,2,0,4
BRDA:7,3,0,9
BRF:4
BRH:4
end_of_record
TN:
SF:functions\sum.ts
FN:3,sum
FNF:1
FNH:1
FNDA:1,sum
DA:1,1
DA:2,1
DA:3,1
DA:4,1
DA:5,1
LF:5
LH:5
BRDA:3,0,0,1
BRF:1
BRH:1
end_of_record
